2013-10-08 19:13:28.595|INFO|MvcApplication|Application Start 
2013-10-08 19:13:33.084|INFO|MvcApplication|Session Start 
2013-10-08 19:14:11.322|ERROR|ExceptionHandlingFilter|eStore.Interfaces.Exceptions.CoreServiceException: Migration failed ---> eStore.DataAccess.DataAccessException: Migration failed ---> System.Data.Entity.Migrations.Infrastructure.MigrationsException: The specified target migration 'jkklj' does not exist. Ensure that target migration refers to an existing migration id.
   at System.Data.Entity.Migrations.DbMigrator.GetMigrationId(String migration)
   at System.Data.Entity.Migrations.DbMigrator.UpdateInternal(String targetMigration)
   at System.Data.Entity.Migrations.DbMigrator.<>c__DisplayClassc.<Update>b__b()
   at System.Data.Entity.Migrations.DbMigrator.EnsureDatabaseExists(Action mustSucceedToKeepDatabase)
   at System.Data.Entity.Migrations.Infrastructure.MigratorBase.EnsureDatabaseExists(Action mustSucceedToKeepDatabase)
   at System.Data.Entity.Migrations.DbMigrator.Update(String targetMigration)
   at eStore.DataAccess.Repositories.Ef.EfHelper.Migrate(String target, Boolean isDowngrade) in f:\Projects\Git\eStore\eStore.DataAccess\Repositories\Ef\EfHelper.cs:line 37
   --- End of inner exception stack trace ---
   at eStore.DataAccess.Repositories.Ef.EfHelper.Migrate(String target, Boolean isDowngrade) in f:\Projects\Git\eStore\eStore.DataAccess\Repositories\Ef\EfHelper.cs:line 53
   at eStore.DataAccess.DatabaseHelper.Migrate(String target, Boolean isDowngrade) in f:\Projects\Git\eStore\eStore.DataAccess\DatabaseHelper.cs:line 146
   at eStore.Core.Services.AdminService.eStore.Interfaces.Services.IAdminService.Migrate(String target, Boolean isDowngrade) in f:\Projects\Git\eStore\eStore.Core\Services\AdminService.cs:line 74
   --- End of inner exception stack trace ---
   at eStore.Core.Services.AdminService.eStore.Interfaces.Services.IAdminService.Migrate(String target, Boolean isDowngrade) in f:\Projects\Git\eStore\eStore.Core\Services\AdminService.cs:line 78
   at eStore.Web.UI.Areas.Admin.Controllers.Api.MigrationController.UpdateTo(MigrationData data) in f:\Projects\Git\eStore\eStore.Web.UI\Areas\Admin\Controllers\Api\MigrationController.cs:line 29
   at lambda_method(Closure , Object , Object[] )
   at System.Web.Http.Controllers.ReflectedHttpActionDescriptor.ActionExecutor.<>c__DisplayClass13.<GetExecutor>b__c(Object instance, Object[] methodParameters)
   at System.Web.Http.Controllers.ReflectedHttpActionDescriptor.ActionExecutor.Execute(Object instance, Object[] arguments)
   at System.Web.Http.Controllers.ReflectedHttpActionDescriptor.<>c__DisplayClass5.<ExecuteAsync>b__4()
   at System.Threading.Tasks.TaskHelpers.RunSynchronously[TResult](Func`1 func, CancellationToken cancellationToken) 
2013-10-08 19:26:44.488|INFO|MvcApplication|Session End 
2013-10-08 19:26:44.494|INFO|MvcApplication|Application End 
2013-10-08 19:26:57.615|INFO|MvcApplication|Application Start 
2013-10-08 19:27:01.960|INFO|MvcApplication|Session Start 
2013-10-08 19:27:14.518|INFO|MvcApplication|Session Start 
2013-10-08 19:27:16.962|INFO|MvcApplication|Session End 
2013-10-08 19:27:24.761|ERROR|ExceptionHandlingFilter|eStore.Interfaces.Exceptions.CoreServiceException: Migration failed ---> eStore.DataAccess.DataAccessException: Migration failed ---> System.Data.Entity.Migrations.Infrastructure.MigrationsException: The specified target migration 'jkklj' does not exist. Ensure that target migration refers to an existing migration id.
   at System.Data.Entity.Migrations.DbMigrator.GetMigrationId(String migration)
   at System.Data.Entity.Migrations.DbMigrator.UpdateInternal(String targetMigration)
   at System.Data.Entity.Migrations.DbMigrator.<>c__DisplayClassc.<Update>b__b()
   at System.Data.Entity.Migrations.DbMigrator.EnsureDatabaseExists(Action mustSucceedToKeepDatabase)
   at System.Data.Entity.Migrations.Infrastructure.MigratorBase.EnsureDatabaseExists(Action mustSucceedToKeepDatabase)
   at System.Data.Entity.Migrations.DbMigrator.Update(String targetMigration)
   at eStore.DataAccess.Repositories.Ef.EfHelper.Migrate(String target, Boolean isDowngrade) in f:\Projects\Git\eStore\eStore.DataAccess\Repositories\Ef\EfHelper.cs:line 37
   --- End of inner exception stack trace ---
   at eStore.DataAccess.Repositories.Ef.EfHelper.Migrate(String target, Boolean isDowngrade) in f:\Projects\Git\eStore\eStore.DataAccess\Repositories\Ef\EfHelper.cs:line 53
   at eStore.DataAccess.DatabaseHelper.Migrate(String target, Boolean isDowngrade) in f:\Projects\Git\eStore\eStore.DataAccess\DatabaseHelper.cs:line 146
   at eStore.Core.Services.AdminService.eStore.Interfaces.Services.IAdminService.Migrate(String target, Boolean isDowngrade) in f:\Projects\Git\eStore\eStore.Core\Services\AdminService.cs:line 74
   --- End of inner exception stack trace ---
   at eStore.Core.Services.AdminService.eStore.Interfaces.Services.IAdminService.Migrate(String target, Boolean isDowngrade) in f:\Projects\Git\eStore\eStore.Core\Services\AdminService.cs:line 78
   at eStore.Web.UI.Areas.Admin.Controllers.Api.MigrationController.UpdateTo(MigrationData data) in f:\Projects\Git\eStore\eStore.Web.UI\Areas\Admin\Controllers\Api\MigrationController.cs:line 29
   at lambda_method(Closure , Object , Object[] )
   at System.Web.Http.Controllers.ReflectedHttpActionDescriptor.ActionExecutor.<>c__DisplayClass13.<GetExecutor>b__c(Object instance, Object[] methodParameters)
   at System.Web.Http.Controllers.ReflectedHttpActionDescriptor.ActionExecutor.Execute(Object instance, Object[] arguments)
   at System.Web.Http.Controllers.ReflectedHttpActionDescriptor.<>c__DisplayClass5.<ExecuteAsync>b__4()
   at System.Threading.Tasks.TaskHelpers.RunSynchronously[TResult](Func`1 func, CancellationToken cancellationToken) 
2013-10-08 19:34:10.379|INFO|MvcApplication|Session End 
2013-10-08 19:34:10.379|INFO|MvcApplication|Application End 
2013-10-08 19:34:22.566|INFO|MvcApplication|Application Start 
2013-10-08 19:34:27.596|INFO|MvcApplication|Session Start 
2013-10-08 19:37:13.376|INFO|MvcApplication|Session End 
2013-10-08 19:37:13.376|INFO|MvcApplication|Application End 
2013-10-08 19:37:23.802|INFO|MvcApplication|Application Start 
2013-10-08 19:37:28.313|INFO|MvcApplication|Session Start 
2013-10-08 19:46:53.518|INFO|MvcApplication|Session Start 
2013-10-08 19:52:12.647|INFO|MvcApplication|Session End 
2013-10-08 19:52:12.651|INFO|MvcApplication|Session End 
2013-10-08 19:52:12.651|INFO|MvcApplication|Application End 
2013-10-08 19:52:25.326|INFO|MvcApplication|Application Start 
2013-10-08 19:52:30.172|INFO|MvcApplication|Session Start 
2013-10-08 19:52:30.266|INFO|MvcApplication|Session Start 
2013-10-08 19:52:43.904|INFO|MvcApplication|Session End 
2013-10-08 19:59:56.135|INFO|MvcApplication|Session End 
2013-10-08 19:59:56.135|INFO|MvcApplication|Application End 
